<?xml version="1.0" encoding="UTF-8"?>
<!-- Generated by org.testng.reporters.JUnitXMLReporter -->
<testsuite ignored="0" hostname="Bariur-W" failures="0" tests="2" name="Default Testing" time="23.943" errors="0" timestamp="14 Jun 2023 22:42:31 GMT">
  <testcase classname="io.cucumber.testng.AbstractTestNGCucumberTests" name="runScenario" time="18.589"/>
  <testcase classname="io.cucumber.testng.AbstractTestNGCucumberTests" name="runScenario" time="5.007"/>
</testsuite> <!-- Default Testing -->
