<?xml version="1.0" encoding="UTF-8"?>
<testng-results ignored="0" total="2" passed="2" failed="0" skipped="0">
  <reporter-output>
  </reporter-output>
  <suite started-at="2023-06-14T22:42:07Z" name="Automation Testing" finished-at="2023-06-14T22:42:31Z" duration-ms="23943">
    <groups>
      <group name="cucumber">
        <method signature="AbstractTestNGCucumberTests.runScenario(io.cucumber.testng.PickleWrapper, io.cucumber.testng.FeatureWrapper)[pri:0, instance:wiki.runner.Wikipedia_FeatureRunner@613a8ee1]" name="runScenario" class="io.cucumber.testng.AbstractTestNGCucumberTests"/>
      </group> <!-- cucumber -->
    </groups>
    <test started-at="2023-06-14T22:42:07Z" name="Default Testing" finished-at="2023-06-14T22:42:31Z" duration-ms="23943">
      <class name="wiki.runner.Wikipedia_FeatureRunner">
        <test-method is-config="true" signature="setUpClass(org.testng.ITestContext)[pri:0, instance:wiki.runner.Wikipedia_FeatureRunner@613a8ee1]" started-at="2023-06-14T22:42:07Z" name="setUpClass" finished-at="2023-06-14T22:42:07Z" duration-ms="318" status="PASS">
          <params>
            <param index="0">
              <value>
                <![CDATA[org.testng.TestRunner@37baddde]]>
              </value>
            </param>
          </params>
          <reporter-output>
          </reporter-output>
        </test-method> <!-- setUpClass -->
        <test-method signature="runScenario(io.cucumber.testng.PickleWrapper, io.cucumber.testng.FeatureWrapper)[pri:0, instance:wiki.runner.Wikipedia_FeatureRunner@613a8ee1]" started-at="2023-06-14T22:42:07Z" name="runScenario" description="Runs Cucumber Scenarios" data-provider="scenarios" finished-at="2023-06-14T22:42:26Z" duration-ms="18589" status="PASS">
          <params>
            <param index="0">
              <value>
                <![CDATA["User is able to the search functionality of Wikipedia"]]>
              </value>
            </param>
            <param index="1">
              <value>
                <![CDATA["Testing Login and Website Functionality of Wikipedia"]]>
              </value>
            </param>
          </params>
          <reporter-output>
          </reporter-output>
        </test-method> <!-- runScenario -->
        <test-method signature="runScenario(io.cucumber.testng.PickleWrapper, io.cucumber.testng.FeatureWrapper)[pri:0, instance:wiki.runner.Wikipedia_FeatureRunner@613a8ee1]" started-at="2023-06-14T22:42:26Z" name="runScenario" description="Runs Cucumber Scenarios" data-provider="scenarios" finished-at="2023-06-14T22:42:31Z" duration-ms="5007" status="PASS">
          <params>
            <param index="0">
              <value>
                <![CDATA["This will test all the incorrect usernames and incorrect passwords"]]>
              </value>
            </param>
            <param index="1">
              <value>
                <![CDATA["Testing Wikipedia Negative Login Functionality"]]>
              </value>
            </param>
          </params>
          <reporter-output>
          </reporter-output>
        </test-method> <!-- runScenario -->
        <test-method is-config="true" signature="tearDownClass()[pri:0, instance:wiki.runner.Wikipedia_FeatureRunner@613a8ee1]" started-at="2023-06-14T22:42:31Z" name="tearDownClass" finished-at="2023-06-14T22:42:31Z" duration-ms="6" status="PASS">
          <reporter-output>
          </reporter-output>
        </test-method> <!-- tearDownClass -->
      </class> <!-- wiki.runner.Wikipedia_FeatureRunner -->
    </test> <!-- Default Testing -->
  </suite> <!-- Automation Testing -->
</testng-results>
